<?xml version="1.0" encoding="UTF-8"?>
<testng-results skipped="0" failed="0" ignored="0" total="1" passed="1">
  <reporter-output>
  </reporter-output>
  <suite name="Default suite" duration-ms="10553" started-at="2021-04-10T18:44:40 EDT" finished-at="2021-04-10T18:44:50 EDT">
    <groups>
    </groups>
    <test name="Default test" duration-ms="10553" started-at="2021-04-10T18:44:40 EDT" finished-at="2021-04-10T18:44:50 EDT">
      <class name="com.readExcel.ReadExcelData">
        <test-method status="PASS" signature="loginWebZooplaPage()[pri:0, instance:com.readExcel.ReadExcelData@55a561cf]" name="loginWebZooplaPage" duration-ms="10514" started-at="2021-04-10T18:44:40 EDT" finished-at="2021-04-10T18:44:50 EDT">
          <reporter-output>
          </reporter-output>
        </test-method> <!-- loginWebZooplaPage -->
      </class> <!-- com.readExcel.ReadExcelData -->
    </test> <!-- Default test -->
  </suite> <!-- Default suite -->
</testng-results>
