<?xml version="1.0" encoding="UTF-8"?>
<testng-results skipped="0" failed="0" ignored="0" total="1" passed="1">
  <reporter-output>
  </reporter-output>
  <suite name="Default suite" duration-ms="7295" started-at="2021-03-28T00:50:31Z" finished-at="2021-03-28T00:50:38Z">
    <groups>
      <group name="cucumber">
        <method signature="AbstractTestNGCucumberTests.feature(cucumber.api.testng.CucumberFeatureWrapper)[pri:0, instance:ups.nj.myrunner.LoginRunner@31f9b85e]" name="feature" class="cucumber.api.testng.AbstractTestNGCucumberTests"/>
      </group> <!-- cucumber -->
    </groups>
    <test name="Default test" duration-ms="7295" started-at="2021-03-28T00:50:31Z" finished-at="2021-03-28T00:50:38Z">
      <class name="ups.nj.myrunner.LoginRunner">
        <test-method status="PASS" signature="setUpClass()[pri:0, instance:ups.nj.myrunner.LoginRunner@31f9b85e]" name="setUpClass" is-config="true" duration-ms="177" started-at="2021-03-28T00:50:31Z" finished-at="2021-03-28T00:50:31Z">
          <reporter-output>
          </reporter-output>
        </test-method> <!-- setUpClass -->
        <test-method status="PASS" signature="feature(cucumber.api.testng.CucumberFeatureWrapper)[pri:0, instance:ups.nj.myrunner.LoginRunner@31f9b85e]" name="feature" duration-ms="7038" started-at="2021-03-28T00:50:31Z" description="Runs Cucumber Feature" data-provider="features" finished-at="2021-03-28T00:50:38Z">
          <params>
            <param index="0">
              <value>
                <![CDATA[User able to login with valid username & password]]>
              </value>
            </param>
          </params>
          <reporter-output>
          </reporter-output>
        </test-method> <!-- feature -->
        <test-method status="PASS" signature="tearDownClass()[pri:0, instance:ups.nj.myrunner.LoginRunner@31f9b85e]" name="tearDownClass" is-config="true" duration-ms="8" started-at="2021-03-28T00:50:38Z" finished-at="2021-03-28T00:50:38Z">
          <reporter-output>
          </reporter-output>
        </test-method> <!-- tearDownClass -->
      </class> <!-- ups.nj.myrunner.LoginRunner -->
    </test> <!-- Default test -->
  </suite> <!-- Default suite -->
</testng-results>
