<?xml version="1.0" encoding="UTF-8"?>
<testng-results skipped="0" failed="0" ignored="0" total="1" passed="1">
  <reporter-output>
  </reporter-output>
  <suite name="Automation Test Suite" duration-ms="9242" started-at="2021-04-17T15:15:03 EDT" finished-at="2021-04-17T15:15:13 EDT">
    <groups>
      <group name="cucumber">
        <method signature="LoginRunner.feature(cucumber.api.testng.CucumberFeatureWrapper)[pri:0, instance:ups.nj.myrunner.LoginRunner@3c153a1]" name="feature" class="ups.nj.myrunner.LoginRunner"/>
      </group> <!-- cucumber -->
    </groups>
    <test name="Zoopla Login test" duration-ms="9242" started-at="2021-04-17T15:15:03 EDT" finished-at="2021-04-17T15:15:13 EDT">
      <class name="ups.nj.myrunner.LoginRunner">
        <test-method status="PASS" signature="setUpClass()[pri:0, instance:ups.nj.myrunner.LoginRunner@3c153a1]" name="setUpClass" is-config="true" duration-ms="224" started-at="2021-04-17T15:15:03 EDT" finished-at="2021-04-17T15:15:04 EDT">
          <reporter-output>
          </reporter-output>
        </test-method> <!-- setUpClass -->
        <test-method status="PASS" signature="feature(cucumber.api.testng.CucumberFeatureWrapper)[pri:0, instance:ups.nj.myrunner.LoginRunner@3c153a1]" name="feature" duration-ms="8913" started-at="2021-04-17T15:15:04 EDT" description="Runs LoginCandiate Feature" data-provider="features" finished-at="2021-04-17T15:15:13 EDT">
          <params>
            <param index="0">
              <value>
                <![CDATA[User able to login with valid username & password]]>
              </value>
            </param>
          </params>
          <reporter-output>
          </reporter-output>
        </test-method> <!-- feature -->
        <test-method status="PASS" signature="tearDownClass()[pri:0, instance:ups.nj.myrunner.LoginRunner@3c153a1]" name="tearDownClass" is-config="true" duration-ms="12" started-at="2021-04-17T15:15:13 EDT" finished-at="2021-04-17T15:15:13 EDT">
          <reporter-output>
          </reporter-output>
        </test-method> <!-- tearDownClass -->
      </class> <!-- ups.nj.myrunner.LoginRunner -->
    </test> <!-- Zoopla Login test -->
  </suite> <!-- Automation Test Suite -->
</testng-results>
